2024-03-27 00:31:31,159 INFO o.a.j.u.JMeterUtils: Setting Locale to en_EN
2024-03-27 00:31:31,242 INFO o.a.j.JMeter: Loading user properties from: user.properties
2024-03-27 00:31:31,254 INFO o.a.j.JMeter: Loading system properties from: system.properties
2024-03-27 00:31:31,266 INFO o.a.j.JMeter: Copyright (c) 1998-2022 The Apache Software Foundation
2024-03-27 00:31:31,266 INFO o.a.j.JMeter: Version 5.5
2024-03-27 00:31:31,266 INFO o.a.j.JMeter: java.version=21.0.2
2024-03-27 00:31:31,266 INFO o.a.j.JMeter: java.vm.name=Java HotSpot(TM) 64-Bit Server VM
2024-03-27 00:31:31,266 INFO o.a.j.JMeter: os.name=Windows 10
2024-03-27 00:31:31,268 INFO o.a.j.JMeter: os.arch=amd64
2024-03-27 00:31:31,268 INFO o.a.j.JMeter: os.version=10.0
2024-03-27 00:31:31,268 INFO o.a.j.JMeter: file.encoding=UTF-8
2024-03-27 00:31:31,269 INFO o.a.j.JMeter: java.awt.headless=null
2024-03-27 00:31:31,269 INFO o.a.j.JMeter: Max memory     =1073741824
2024-03-27 00:31:31,269 INFO o.a.j.JMeter: Available Processors =4
2024-03-27 00:31:31,322 INFO o.a.j.JMeter: Default Locale=English (EN)
2024-03-27 00:31:31,322 INFO o.a.j.JMeter: JMeter  Locale=English (EN)
2024-03-27 00:31:31,322 INFO o.a.j.JMeter: JMeterHome=D:\jmeter 5.5\apache-jmeter-5.5
2024-03-27 00:31:31,322 INFO o.a.j.JMeter: user.dir  =D:\jmeter 5.5\apache-jmeter-5.5\bin
2024-03-27 00:31:31,322 INFO o.a.j.JMeter: PWD       =D:\jmeter 5.5\apache-jmeter-5.5\bin
2024-03-27 00:31:31,326 INFO o.a.j.JMeter: IP: 192.168.152.128 Name: DESKTOP-94MDOLU FullName: DESKTOP-94MDOLU
2024-03-27 00:31:31,344 INFO o.a.j.JMeter: Loaded icon properties from org/apache/jmeter/images/icon.properties
2024-03-27 00:31:31,955 INFO o.a.j.JMeterGuiLauncher: Setting LAF to: com.github.weisj.darklaf.DarkLaf:com.github.weisj.darklaf.theme.DarculaTheme
2024-03-27 00:31:36,128 INFO o.j.r.JARSourceHTTP: Requesting https://jmeter-plugins.org/repo/?installID=windows_10-4ae777f7cda37ff0b479346f023c24de-gui
2024-03-27 00:31:39,093 INFO o.a.j.p.h.s.HTTPSamplerBase: Parser for text/html is org.apache.jmeter.protocol.http.parser.LagartoBasedHtmlParser
2024-03-27 00:31:39,093 INFO o.a.j.p.h.s.HTTPSamplerBase: Parser for application/xhtml+xml is org.apache.jmeter.protocol.http.parser.LagartoBasedHtmlParser
2024-03-27 00:31:39,093 INFO o.a.j.p.h.s.HTTPSamplerBase: Parser for application/xml is org.apache.jmeter.protocol.http.parser.LagartoBasedHtmlParser
2024-03-27 00:31:39,093 INFO o.a.j.p.h.s.HTTPSamplerBase: Parser for text/xml is org.apache.jmeter.protocol.http.parser.LagartoBasedHtmlParser
2024-03-27 00:31:39,093 INFO o.a.j.p.h.s.HTTPSamplerBase: Parser for text/vnd.wap.wml is org.apache.jmeter.protocol.http.parser.RegexpHTMLParser
2024-03-27 00:31:39,093 INFO o.a.j.p.h.s.HTTPSamplerBase: Parser for text/css is org.apache.jmeter.protocol.http.parser.CssParser
2024-03-27 00:31:44,309 INFO o.j.r.PluginManager: Plugins Status: [bzm-parallel=0.12, jpgc-plugins-manager=1.10, jmeter-core=5.5, jmeter-ftp=5.5, jmeter-http=5.5, jmeter-jdbc=5.5, jmeter-jms=5.5, jmeter-junit=5.5, jmeter-java=5.5, jmeter-ldap=5.5, jmeter-mail=5.5, jmeter-mongodb=5.5, jmeter-native=5.5, jmeter-tcp=5.5, jmeter-components=5.5]
2024-03-27 00:33:12,252 INFO o.a.j.s.FileServer: Default base='D:\jmeter 5.5\apache-jmeter-5.5\bin'
2024-03-27 00:33:12,254 INFO o.a.j.g.a.Load: Loading file: D:\jmeter 5.5\apache-jmeter-5.5\bin\examples\icustoms_1 (1).jmx
2024-03-27 00:33:12,254 INFO o.a.j.s.FileServer: Set new base='D:\jmeter 5.5\apache-jmeter-5.5\bin\examples'
2024-03-27 00:33:12,555 INFO o.a.j.s.SaveService: Testplan (JMX) version: 2.2. Testlog (JTL) version: 2.2
2024-03-27 00:33:12,574 INFO o.a.j.s.SaveService: Using SaveService properties version 5.0
2024-03-27 00:33:12,577 INFO o.a.j.s.SaveService: Using SaveService properties file encoding UTF-8
2024-03-27 00:33:12,578 INFO o.a.j.s.SaveService: Loading file: D:\jmeter 5.5\apache-jmeter-5.5\bin\examples\icustoms_1 (1).jmx
2024-03-27 00:33:12,648 WARN o.j.r.p.TestPlanAnalyzer: Cannot parse file: D:\jmeter 5.5\apache-jmeter-5.5\bin\examples\icustoms_1 (1).jmx
org.xml.sax.SAXParseException: Character reference "&#x0" is an invalid XML character.
	at org.apache.xerces.parsers.DOMParser.parse(Unknown Source) ~[xercesImpl-2.12.2.jar:?]
	at org.apache.xerces.jaxp.DocumentBuilderImpl.parse(Unknown Source) ~[xercesImpl-2.12.2.jar:?]
	at javax.xml.parsers.DocumentBuilder.parse(DocumentBuilder.java:122) ~[?:?]
	at org.jmeterplugins.repository.plugins.TestPlanAnalyzer.getNodeListWithClassNames(TestPlanAnalyzer.java:130) ~[jmeter-plugins-manager-1.10.jar:?]
	at org.jmeterplugins.repository.plugins.TestPlanAnalyzer.analyze(TestPlanAnalyzer.java:37) ~[jmeter-plugins-manager-1.10.jar:?]
	at org.jmeterplugins.repository.plugins.PluginSuggester.analyzeTestPlan(PluginSuggester.java:51) ~[jmeter-plugins-manager-1.10.jar:?]
	at org.jmeterplugins.repository.plugins.PluginSuggester.findPluginsToInstall(PluginSuggester.java:44) ~[jmeter-plugins-manager-1.10.jar:?]
	at org.jmeterplugins.repository.plugins.PluginSuggester.checkAndSuggest(PluginSuggester.java:28) ~[jmeter-plugins-manager-1.10.jar:?]
	at org.jmeterplugins.repository.logging.LoggerAppender.append(LoggerAppender.java:33) ~[jmeter-plugins-manager-1.10.jar:?]
	at org.apache.logging.log4j.core.config.AppenderControl.tryCallAppender(AppenderControl.java:161) ~[log4j-core-2.17.2.jar:2.17.2]
	at org.apache.logging.log4j.core.config.AppenderControl.callAppender0(AppenderControl.java:134) ~[log4j-core-2.17.2.jar:2.17.2]
	at org.apache.logging.log4j.core.config.AppenderControl.callAppenderPreventRecursion(AppenderControl.java:125) ~[log4j-core-2.17.2.jar:2.17.2]
	at org.apache.logging.log4j.core.config.AppenderControl.callAppender(AppenderControl.java:89) ~[log4j-core-2.17.2.jar:2.17.2]
	at org.apache.logging.log4j.core.config.LoggerConfig.callAppenders(LoggerConfig.java:675) ~[log4j-core-2.17.2.jar:2.17.2]
	at org.apache.logging.log4j.core.config.LoggerConfig.processLogEvent(LoggerConfig.java:633) ~[log4j-core-2.17.2.jar:2.17.2]
	at org.apache.logging.log4j.core.config.LoggerConfig.log(LoggerConfig.java:616) ~[log4j-core-2.17.2.jar:2.17.2]
	at org.apache.logging.log4j.core.config.LoggerConfig.log(LoggerConfig.java:552) ~[log4j-core-2.17.2.jar:2.17.2]
	at org.apache.logging.log4j.core.config.AwaitCompletionReliabilityStrategy.log(AwaitCompletionReliabilityStrategy.java:82) ~[log4j-core-2.17.2.jar:2.17.2]
	at org.apache.logging.log4j.core.Logger.log(Logger.java:161) ~[log4j-core-2.17.2.jar:2.17.2]
	at org.apache.logging.log4j.spi.AbstractLogger.tryLogMessage(AbstractLogger.java:2205) ~[log4j-api-2.17.2.jar:2.17.2]
	at org.apache.logging.log4j.spi.AbstractLogger.logMessageTrackRecursion(AbstractLogger.java:2159) ~[log4j-api-2.17.2.jar:2.17.2]
	at org.apache.logging.log4j.spi.AbstractLogger.logMessageSafely(AbstractLogger.java:2142) ~[log4j-api-2.17.2.jar:2.17.2]
	at org.apache.logging.log4j.spi.AbstractLogger.logMessage(AbstractLogger.java:2034) ~[log4j-api-2.17.2.jar:2.17.2]
	at org.apache.logging.log4j.spi.AbstractLogger.logIfEnabled(AbstractLogger.java:1899) ~[log4j-api-2.17.2.jar:2.17.2]
	at org.apache.logging.slf4j.Log4jLogger.info(Log4jLogger.java:184) ~[log4j-slf4j-impl-2.17.2.jar:2.17.2]
	at org.apache.jmeter.save.SaveService.loadTree(SaveService.java:425) ~[ApacheJMeter_core.jar:5.5]
	at org.apache.jmeter.gui.action.Load.loadProjectFile(Load.java:129) ~[ApacheJMeter_core.jar:5.5]
	at org.apache.jmeter.gui.action.Load.loadProjectFile(Load.java:101) ~[ApacheJMeter_core.jar:5.5]
	at org.apache.jmeter.gui.action.Load.doActionAfterCheck(Load.java:88) ~[ApacheJMeter_core.jar:5.5]
	at org.apache.jmeter.gui.action.AbstractActionWithNoRunningTest.doAction(AbstractActionWithNoRunningTest.java:44) ~[ApacheJMeter_core.jar:5.5]
	at org.apache.jmeter.gui.action.ActionRouter.performAction(ActionRouter.java:87) ~[ApacheJMeter_core.jar:5.5]
	at org.apache.jmeter.gui.action.ActionRouter.lambda$actionPerformed$0(ActionRouter.java:69) ~[ApacheJMeter_core.jar:5.5]
	at java.awt.event.InvocationEvent.dispatch(InvocationEvent.java:318) ~[?:?]
	at java.awt.EventQueue.dispatchEventImpl(EventQueue.java:773) ~[?:?]
	at java.awt.EventQueue$4.run(EventQueue.java:720) ~[?:?]
	at java.awt.EventQueue$4.run(EventQueue.java:714) ~[?:?]
	at java.security.AccessController.doPrivileged(AccessController.java:400) ~[?:?]
	at java.security.ProtectionDomain$JavaSecurityAccessImpl.doIntersectionPrivilege(ProtectionDomain.java:87) ~[?:?]
	at java.awt.EventQueue.dispatchEvent(EventQueue.java:742) ~[?:?]
	at java.awt.EventDispatchThread.pumpOneEventForFilters(EventDispatchThread.java:203) ~[?:?]
	at java.awt.EventDispatchThread.pumpEventsForFilter(EventDispatchThread.java:124) ~[?:?]
	at java.awt.EventDispatchThread.pumpEventsForHierarchy(EventDispatchThread.java:113) ~[?:?]
	at java.awt.EventDispatchThread.pumpEvents(EventDispatchThread.java:109) ~[?:?]
	at java.awt.EventDispatchThread.pumpEvents(EventDispatchThread.java:101) ~[?:?]
	at java.awt.EventDispatchThread.run(EventDispatchThread.java:90) ~[?:?]
2024-03-27 00:33:12,697 INFO o.a.j.p.h.c.CookieManager: Settings: Delete null: true Check: true Allow variable: true Save: false Prefix: COOKIE_
2024-03-27 00:33:12,702 INFO o.a.j.p.h.c.CacheManager: Will only cache the following methods: [GET]
2024-03-27 00:33:13,043 INFO o.a.j.e.KeyToolUtils: keytool found at 'keytool'
2024-03-27 00:33:13,043 INFO o.a.j.p.h.p.ProxyControl: HTTP(S) Test Script Recorder SSL Proxy will use keys that support embedded 3rd party resources in file D:\jmeter 5.5\apache-jmeter-5.5\bin\proxyserver.jks
2024-03-27 00:33:13,066 INFO o.a.j.s.SampleResult: Note: Sample TimeStamps are START times
2024-03-27 00:33:13,066 INFO o.a.j.s.SampleResult: sampleresult.default.encoding is set to ISO-8859-1
2024-03-27 00:33:13,066 INFO o.a.j.s.SampleResult: sampleresult.useNanoTime=true
2024-03-27 00:33:13,066 INFO o.a.j.s.SampleResult: sampleresult.nanoThreadSleep=5000
2024-03-27 00:33:14,692 INFO o.a.j.v.ViewResultsFullVisualizer: Add JavaFX to your Java installation if you want to use renderer: org.apache.jmeter.visualizers.RenderInBrowser
2024-03-27 00:33:15,347 INFO o.a.j.s.FileServer: Set new base='D:\jmeter 5.5\apache-jmeter-5.5\bin\examples'
2024-03-27 00:33:23,832 INFO o.a.j.e.StandardJMeterEngine: Running the test!
2024-03-27 00:33:23,833 INFO o.a.j.s.SampleEvent: List of sample_variables: []
2024-03-27 00:33:23,834 INFO o.a.j.s.SampleEvent: List of sample_variables: []
2024-03-27 00:33:23,835 INFO o.a.j.e.u.CompoundVariable: Note: Function class names must contain the string: '.functions.'
2024-03-27 00:33:23,835 INFO o.a.j.e.u.CompoundVariable: Note: Function class names must not contain the string: '.gui.'
2024-03-27 00:33:23,935 INFO o.a.j.g.u.JMeterMenuBar: setRunning(true, *local*)
2024-03-27 00:33:24,004 INFO o.a.j.e.StandardJMeterEngine: Starting ThreadGroup: 1 : Thread Group
2024-03-27 00:33:24,004 INFO o.a.j.e.StandardJMeterEngine: Starting 1 threads for group Thread Group.
2024-03-27 00:33:24,004 INFO o.a.j.e.StandardJMeterEngine: Thread will continue on error
2024-03-27 00:33:24,005 INFO o.a.j.t.ThreadGroup: Starting thread group... number=1 threads=1 ramp-up=1 delayedStart=false
2024-03-27 00:33:24,015 INFO o.a.j.t.ThreadGroup: Started thread group number 1
2024-03-27 00:33:24,015 INFO o.a.j.e.StandardJMeterEngine: All thread groups have been started
2024-03-27 00:33:24,024 INFO o.a.j.t.JMeterThread: Thread started: Thread Group 1-1
2024-03-27 00:33:24,031 INFO o.a.j.s.FileServer: Stored: C:/Users/CYBO-Ahmad-SQA/Desktop/icustomsusers.csv
2024-03-27 00:33:24,032 ERROR o.a.j.t.JMeterThread: Test failed!
java.lang.IllegalArgumentException: File icustomsusers.csv must exist and be readable
	at org.apache.jmeter.services.FileServer.createBufferedReader(FileServer.java:424) ~[ApacheJMeter_core.jar:5.5]
	at org.apache.jmeter.services.FileServer.readLine(FileServer.java:340) ~[ApacheJMeter_core.jar:5.5]
	at org.apache.jmeter.config.CSVDataSet.iterationStart(CSVDataSet.java:182) ~[ApacheJMeter_components.jar:5.5]
	at org.apache.jmeter.control.GenericController.fireIterationStart(GenericController.java:399) ~[ApacheJMeter_core.jar:5.5]
	at org.apache.jmeter.control.GenericController.fireIterEvents(GenericController.java:391) ~[ApacheJMeter_core.jar:5.5]
	at org.apache.jmeter.control.GenericController.next(GenericController.java:160) ~[ApacheJMeter_core.jar:5.5]
	at org.apache.jmeter.control.LoopController.next(LoopController.java:134) ~[ApacheJMeter_core.jar:5.5]
	at org.apache.jmeter.threads.AbstractThreadGroup.next(AbstractThreadGroup.java:99) ~[ApacheJMeter_core.jar:5.5]
	at org.apache.jmeter.threads.JMeterThread.run(JMeterThread.java:266) ~[ApacheJMeter_core.jar:5.5]
	at java.lang.Thread.run(Thread.java:1583) ~[?:?]
2024-03-27 00:33:24,032 INFO o.a.j.t.JMeterThread: Thread finished: Thread Group 1-1
2024-03-27 00:33:24,032 INFO o.a.j.e.StandardJMeterEngine: Notifying test listeners of end of test
2024-03-27 00:33:24,032 INFO o.a.j.g.u.JMeterMenuBar: setRunning(false, *local*)
2024-03-27 00:37:23,838 INFO o.a.j.e.StandardJMeterEngine: Running the test!
2024-03-27 00:37:23,838 INFO o.a.j.s.SampleEvent: List of sample_variables: []
2024-03-27 00:37:23,853 INFO o.a.j.g.u.JMeterMenuBar: setRunning(true, *local*)
2024-03-27 00:37:23,928 INFO o.a.j.e.StandardJMeterEngine: Starting ThreadGroup: 1 : Thread Group
2024-03-27 00:37:23,930 INFO o.a.j.e.StandardJMeterEngine: Starting 1 threads for group Thread Group.
2024-03-27 00:37:23,931 INFO o.a.j.e.StandardJMeterEngine: Thread will continue on error
2024-03-27 00:37:23,932 INFO o.a.j.t.ThreadGroup: Starting thread group... number=1 threads=1 ramp-up=1 delayedStart=false
2024-03-27 00:37:23,934 INFO o.a.j.t.ThreadGroup: Started thread group number 1
2024-03-27 00:37:23,935 INFO o.a.j.e.StandardJMeterEngine: All thread groups have been started
2024-03-27 00:37:23,936 INFO o.a.j.t.JMeterThread: Thread started: Thread Group 1-1
2024-03-27 00:37:23,938 INFO o.a.j.s.FileServer: Stored: C:/Users/DELL/Desktop/icustomsusers.csv
2024-03-27 00:37:23,950 INFO o.a.j.p.h.s.HTTPHCAbstractImpl: Local host = DESKTOP-94MDOLU
2024-03-27 00:37:23,955 INFO o.a.j.p.h.s.HTTPHC4Impl: HTTP request retry count = 0
2024-03-27 00:37:24,534 INFO o.a.j.p.h.s.h.LazyLayeredConnectionSocketFactory: Setting up HTTPS TrustAll Socket Factory
2024-03-27 00:37:24,543 INFO o.a.j.u.JsseSSLManager: Using default SSL protocol: TLS
2024-03-27 00:37:24,543 INFO o.a.j.u.JsseSSLManager: SSL session context: per-thread
2024-03-27 00:37:24,760 INFO o.a.j.u.SSLManager: JmeterKeyStore Location:  type JKS
2024-03-27 00:37:24,763 INFO o.a.j.u.SSLManager: KeyStore created OK
2024-03-27 00:37:24,764 WARN o.a.j.u.SSLManager: Keystore file not found, loading empty keystore
2024-03-27 00:37:25,463 INFO o.a.j.p.h.p.BaseParser: Created org.apache.jmeter.protocol.http.parser.LagartoBasedHtmlParser
2024-03-27 00:37:25,523 INFO o.a.j.t.JMeterThread: Thread started: parallel bzm - Parallel Controller
2024-03-27 00:37:48,472 INFO o.a.j.t.JMeterThread: Thread is done: org.apache.jmeter.threads.JMeterThread@339f516a - bzm - Parallel Controller - /app.0a1a5c2e50bc6355.js-83
2024-03-27 00:37:48,472 INFO o.a.j.t.JMeterThread: Thread finished: org.apache.jmeter.threads.JMeterThread@339f516a - bzm - Parallel Controller - /app.0a1a5c2e50bc6355.js-83
2024-03-27 00:38:32,879 INFO o.a.j.t.JMeterThread: Thread is done: Thread Group 1-1
2024-03-27 00:38:32,880 INFO o.a.j.t.JMeterThread: Thread finished: Thread Group 1-1
2024-03-27 00:38:32,889 INFO o.a.j.e.StandardJMeterEngine: Notifying test listeners of end of test
2024-03-27 00:38:32,890 INFO o.a.j.s.FileServer: Close: C:/Users/DELL/Desktop/icustomsusers.csv
2024-03-27 00:38:32,902 INFO o.a.j.g.u.JMeterMenuBar: setRunning(false, *local*)
